#
# A fatal error has been detected by the Java Runtime Environment:
#
#  EXCEPTION_ACCESS_VIOLATION (0xc0000005) at pc=0x00007fffcacd682c, pid=15648, tid=23468
#
# JRE version: OpenJDK Runtime Environment (20.0.2+9) (build 20.0.2+9-78)
# Java VM: OpenJDK 64-Bit Server VM (20.0.2+9-78, mixed mode, sharing, tiered, compressed oops, compressed class ptrs, g1 gc, windows-amd64)
# Problematic frame:
# C  [jdwp.dll+0x2682c]
#
# No core dump will be written. Minidumps are not enabled by default on client versions of Windows
#
# If you would like to submit a bug report, please visit:
#   https://bugreport.java.com/bugreport/crash.jsp
# The crash happened outside the Java Virtual Machine in native code.
# See problematic frame for where to report the bug.
#

---------------  S U M M A R Y ------------

Command Line: -agentlib:jdwp=transport=dt_socket,address=127.0.0.1:62514,suspend=y,server=n -javaagent:C:\Users\hadin\AppData\Local\JetBrains\IdeaIC2023.2\captureAgent\debugger-agent.jar -Dfile.encoding=UTF-8 -Dsun.stdout.encoding=UTF-8 -Dsun.stderr.encoding=UTF-8 TKNFanta

Host: 11th Gen Intel(R) Core(TM) i7-11800H @ 2.30GHz, 16 cores, 15G,  Windows 11 , 64 bit Build 22621 (10.0.22621.2506)
Time: Thu Dec 14 15:14:29 2023 SE Asia Standard Time elapsed time: 0.522019 seconds (0d 0h 0m 0s)

---------------  T H R E A D  ---------------

Current thread (0x000002c3792da3a0):  JavaThread "main" [_thread_in_native, id=23468, stack(0x000000c77bd00000,0x000000c77be00000)]

Stack: [0x000000c77bd00000,0x000000c77be00000],  sp=0x000000c77bdfe448,  free space=1017k
Native frames: (J=compiled Java code, j=interpreted, Vv=VM code, C=native code)
C  [jdwp.dll+0x2682c]

Java frames: (J=compiled Java code, j=interpreted, Vv=VM code)
j  org.lwjgl.glfw.GLFW.glfwInit()Z+0
j  bagel.AbstractGame.<clinit>()V+19
v  ~StubRoutines::call_stub 0x000002c30f4510e7

siginfo: EXCEPTION_ACCESS_VIOLATION (0xc0000005), reading address 0xffffffffffffffff


Registers:
RAX=0x000002c35ea09090, RBX=0x000002c3193ccbc0, RCX=0x000002c3792da680, RDX=0x000002c3193ccbc0
RSP=0x000000c77bdfe448, RBP=0x0000000000000002, RSI=0x000000c77bdfe4f0, RDI=0x000002c3792da680
R8 =0x0000000000010002, R9 =0x0000000000000000, R10=0x00007fffda210000, R11=0x000000c77bdfe418
R12=0x0000000000000007, R13=0x000002c3792c44b0, R14=0x00007fffcace0300, R15=0x0000000000000000
RIP=0x00007fffcacd682c, EFLAGS=0x0000000000010202


Register to memory mapping:

RIP=0x00007fffcacd682c jdwp.dll
RAX=0x000002c35ea09090 points into unknown readable memory: 0x0000000000000000 | 00 00 00 00 00 00 00 00
RBX=0x000002c3193ccbc0 points into unknown readable memory: 0x0000000714409a80 | 80 9a 40 14 07 00 00 00
RCX=0x000002c3792da680 points into unknown readable memory: 0x000002c35ea09090 | 90 90 a0 5e c3 02 00 00
RDX=0x000002c3193ccbc0 points into unknown readable memory: 0x0000000714409a80 | 80 9a 40 14 07 00 00 00
RSP=0x000000c77bdfe448 is pointing into the stack for thread: 0x000002c3792da3a0
RBP=0x0000000000000002 is an unknown value
RSI=0x000000c77bdfe4f0 is pointing into the stack for thread: 0x000002c3792da3a0
RDI=0x000002c3792da680 points into unknown readable memory: 0x000002c35ea09090 | 90 90 a0 5e c3 02 00 00
R8 =0x0000000000010002 is an unknown value
R9 =0x0 is NULL
R10=0x00007fffda210000 VCRUNTIME140.dll
R11=0x000000c77bdfe418 is pointing into the stack for thread: 0x000002c3792da3a0
R12=0x0000000000000007 is an unknown value
R13=0x000002c3792c44b0 points into unknown readable memory: 0x00007fff5befefe0 | e0 ef ef 5b ff 7f 00 00
R14=0x00007fffcace0300 jdwp.dll
R15=0x0 is NULL


Top of Stack: (sp=0x000000c77bdfe448)
0x000000c77bdfe448:   00007fffcacc611f 000002c3193ccbc0
0x000000c77bdfe458:   000000c77bdfe4f0 0000000000000000
0x000000c77bdfe468:   0000000000000000 00007fff5bef30b0
0x000000c77bdfe478:   0000000000005bac 000002c37705da28
0x000000c77bdfe488:   00007fffcace0348 000002c3193ccbc0
0x000000c77bdfe498:   00007fffcacc279f 000002c3193ccbc0
0x000000c77bdfe4a8:   0000000000000002 000002c3792da680
0x000000c77bdfe4b8:   000002c3193ccbc8 000000c77bdfe650
0x000000c77bdfe4c8:   00007fff5b94da2d 000002c31a8153cc
0x000000c77bdfe4d8:   000000c77bdfe650 000000c77bdfe650
0x000000c77bdfe4e8:   00007fff5ba41aef 0000000000000007
0x000000c77bdfe4f8:   000002c3193ccbc0 0000000000000000
0x000000c77bdfe508:   000002c3193ccbc8 0000000000000000
0x000000c77bdfe518:   0000000000000000 0000000000000000
0x000000c77bdfe528:   0000000000000000 0000000000000000
0x000000c77bdfe538:   0000000000000000 0000000000000000
0x000000c77bdfe548:   000002c3193ccbc0 000002c31a815328
0x000000c77bdfe558:   00007fff5b9294e5 000002c3193ccbc8
0x000000c77bdfe568:   000002c35e92e180 000002c3792da3a0
0x000000c77bdfe578:   00007fff5b94ec55 000002c37705d9e8
0x000000c77bdfe588:   00007fff5b778f26 0000000000000000
0x000000c77bdfe598:   000002c3792d6590 000002c3792da3a0
0x000000c77bdfe5a8:   000002c319e0fcc8 000002c3792c6280
0x000000c77bdfe5b8:   000002c3792da8f0 000002c3792da900
0x000000c77bdfe5c8:   000002c3792dacd8 00000000000003d8
0x000000c77bdfe5d8:   000002c3792da3a0 000002c3792da3a0
0x000000c77bdfe5e8:   000002c3792c6880 000002c3792dace0
0x000000c77bdfe5f8:   000002c3792dad10 000002c3792dadc8
0x000000c77bdfe608:   00000000000000d8 000000c77bdfe620
0x000000c77bdfe618:   000000c77bdfe750 000002c3792da3a0
0x000000c77bdfe628:   000002c3792c6880 000002c3792dace0
0x000000c77bdfe638:   000002c3792dad10 000002c3792dadc8 

Instructions: (pc=0x00007fffcacd682c)
0x00007fffcacd672c:   05 ff 09 01 00 48 8b 03 48 8b d7 4d 8b 40 30 48
0x00007fffcacd673c:   8b cb 48 8b 5c 24 30 48 83 c4 20 5f 48 ff a0 00
0x00007fffcacd674c:   01 00 00 cc 48 89 5c 24 08 57 48 83 ec 20 48 8b
0x00007fffcacd675c:   f9 e8 f2 ea ff ff 4c 8b 05 c7 09 01 00 48 8b d8
0x00007fffcacd676c:   41 f6 80 10 02 00 00 02 74 33 41 b8 1f 06 00 00
0x00007fffcacd677c:   48 8d 15 e5 c3 00 00 48 8d 0d 7a 5c 00 00 e8 71
0x00007fffcacd678c:   49 ff ff 48 8d 15 62 9a 00 00 48 8d 0d 7b 5c 00
0x00007fffcacd679c:   00 e8 06 4a ff ff 4c 8b 05 87 09 01 00 48 8b 03
0x00007fffcacd67ac:   48 8b d7 4d 8b 40 38 48 8b cb 48 8b 5c 24 30 48
0x00007fffcacd67bc:   83 c4 20 5f 48 ff a0 00 01 00 00 cc 48 89 5c 24
0x00007fffcacd67cc:   08 57 48 83 ec 20 48 8b f9 e8 7a ea ff ff 48 8b
0x00007fffcacd67dc:   15 4f 09 01 00 48 8b d8 f6 82 10 02 00 00 02 74
0x00007fffcacd67ec:   2c 41 b8 11 06 00 00 48 8d 15 6e c3 00 00 48 8d
0x00007fffcacd67fc:   0d 03 5c 00 00 e8 fa 48 ff ff 48 8d 15 e3 6c 00
0x00007fffcacd680c:   00 48 8d 0d 04 5c 00 00 e8 8f 49 ff ff 48 8b 03
0x00007fffcacd681c:   48 8b d7 48 8b cb 48 8b 5c 24 30 48 83 c4 20 5f
0x00007fffcacd682c:   48 ff a0 50 07 00 00 cc 48 89 5c 24 08 48 89 74
0x00007fffcacd683c:   24 10 48 89 7c 24 18 41 56 48 83 ec 20 4c 63 f2
0x00007fffcacd684c:   49 8b d8 48 8b d1 41 8b f9 48 8b cb 4d 8d 46 ff
0x00007fffcacd685c:   ff 15 0e 5a 00 00 85 c0 75 3c 41 0f be 44 1e ff
0x00007fffcacd686c:   3b c7 75 32 49 03 de eb 10 0f be c8 ff 15 e2 59
0x00007fffcacd687c:   00 00 85 c0 74 09 48 ff c3 8a 03 84 c0 75 ea 80
0x00007fffcacd688c:   3b 3b 74 12 8b d7 48 8b cb e8 78 4a 00 00 48 85
0x00007fffcacd689c:   c0 0f 94 c0 eb 02 32 c0 48 8b 5c 24 30 48 8b 74
0x00007fffcacd68ac:   24 38 48 8b 7c 24 40 48 83 c4 20 41 5e c3 cc cc
0x00007fffcacd68bc:   0f b6 d1 83 fa 1e 0f 87 83 00 00 00 74 7b 83 fa
0x00007fffcacd68cc:   07 77 41 74 39 83 ea 01 74 2e 83 ea 01 74 23 83
0x00007fffcacd68dc:   ea 01 74 18 83 ea 01 74 0d 83 fa 02 0f 85 8a 00
0x00007fffcacd68ec:   00 00 8d 42 03 c3 b8 04 00 00 00 c3 b8 03 00 00
0x00007fffcacd68fc:   00 c3 b8 02 00 00 00 c3 b8 01 00 00 00 c3 b8 06
0x00007fffcacd690c:   00 00 00 c3 b8 08 00 00 00 2b d0 74 26 83 ea 01
0x00007fffcacd691c:   0f 84 88 00 00 00 83 ea 01 74 12 b8 0a 00 00 00 


Stack slot to memory mapping:
stack at sp + 0 slots: 0x00007fffcacc611f jdwp.dll
stack at sp + 1 slots: 0x000002c3193ccbc0 points into unknown readable memory: 0x0000000714409a80 | 80 9a 40 14 07 00 00 00
stack at sp + 2 slots: 0x000000c77bdfe4f0 is pointing into the stack for thread: 0x000002c3792da3a0
stack at sp + 3 slots: 0x0 is NULL
stack at sp + 4 slots: 0x0 is NULL
stack at sp + 5 slots: 0x00007fff5bef30b0 jvm.dll
stack at sp + 6 slots: 0x0000000000005bac is an unknown value
stack at sp + 7 slots: 0x000002c37705da28 points into unknown readable memory: 0x8000000400000001 | 01 00 00 00 04 00 00 80


---------------  P R O C E S S  ---------------

Threads class SMR info:
_java_thread_list=0x000002c35ea04720, length=16, elements={
0x000002c3792da3a0, 0x000002c3193eb710, 0x000002c3193ec250, 0x000002c3193f0230,
0x000002c3193f3360, 0x000002c3193f3d90, 0x000002c3193f48f0, 0x000002c3193f88d0,
0x000002c3193f9470, 0x000002c3193b6ba0, 0x000002c35e92cbf0, 0x000002c35e931190,
0x000002c35e9c6200, 0x000002c35e9ab900, 0x000002c35e9ac270, 0x000002c35ea63140
}

Java Threads: ( => current thread )
=>0x000002c3792da3a0 JavaThread "main" [_thread_in_native, id=23468, stack(0x000000c77bd00000,0x000000c77be00000)]
  0x000002c3193eb710 JavaThread "Reference Handler" daemon [_thread_blocked, id=4840, stack(0x000000c77c400000,0x000000c77c500000)]
  0x000002c3193ec250 JavaThread "Finalizer" daemon [_thread_blocked, id=31356, stack(0x000000c77c500000,0x000000c77c600000)]
  0x000002c3193f0230 JavaThread "Signal Dispatcher" daemon [_thread_blocked, id=19564, stack(0x000000c77c600000,0x000000c77c700000)]
  0x000002c3193f3360 JavaThread "Attach Listener" daemon [_thread_blocked, id=20944, stack(0x000000c77c700000,0x000000c77c800000)]
  0x000002c3193f3d90 JavaThread "Service Thread" daemon [_thread_blocked, id=18788, stack(0x000000c77c800000,0x000000c77c900000)]
  0x000002c3193f48f0 JavaThread "Monitor Deflation Thread" daemon [_thread_blocked, id=29828, stack(0x000000c77c900000,0x000000c77ca00000)]
  0x000002c3193f88d0 JavaThread "C2 CompilerThread0" daemon [_thread_blocked, id=3020, stack(0x000000c77ca00000,0x000000c77cb00000)]
  0x000002c3193f9470 JavaThread "C1 CompilerThread0" daemon [_thread_blocked, id=26936, stack(0x000000c77cb00000,0x000000c77cc00000)]
  0x000002c3193b6ba0 JavaThread "Common-Cleaner" daemon [_thread_blocked, id=12112, stack(0x000000c77cc00000,0x000000c77cd00000)]
  0x000002c35e92cbf0 JavaThread "C1 CompilerThread1" daemon [_thread_blocked, id=2140, stack(0x000000c77cd00000,0x000000c77ce00000)]
  0x000002c35e931190 JavaThread "C1 CompilerThread2" daemon [_thread_blocked, id=19160, stack(0x000000c77ce00000,0x000000c77cf00000)]
  0x000002c35e9c6200 JavaThread "JDWP Transport Listener: dt_socket" daemon [_thread_blocked, id=14096, stack(0x000000c77cf00000,0x000000c77d000000)]
  0x000002c35e9ab900 JavaThread "JDWP Event Helper Thread" daemon [_thread_blocked, id=30236, stack(0x000000c77d000000,0x000000c77d100000)]
  0x000002c35e9ac270 JavaThread "JDWP Command Reader" daemon [_thread_in_native, id=11024, stack(0x000000c77d100000,0x000000c77d200000)]
  0x000002c35ea63140 JavaThread "Notification Thread" daemon [_thread_blocked, id=24796, stack(0x000000c77d200000,0x000000c77d300000)]

Other Threads:
  0x000002c3193cb460 VMThread "VM Thread" [stack: 0x000000c77c300000,0x000000c77c400000] [id=13520]
  0x000002c35ea63a90 WatcherThread "VM Periodic Task Thread" [stack: 0x000000c77d300000,0x000000c77d400000] [id=18536]
  0x000002c37934c9b0 WorkerThread "GC Thread#0" [stack: 0x000000c77be00000,0x000000c77bf00000] [id=28268]
  0x000002c37935d410 ConcurrentGCThread "G1 Main Marker" [stack: 0x000000c77bf00000,0x000000c77c000000] [id=26084]
  0x000002c37935dfe0 WorkerThread "G1 Conc#0" [stack: 0x000000c77c000000,0x000000c77c100000] [id=30448]
  0x000002c31928b770 ConcurrentGCThread "G1 Refine#0" [stack: 0x000000c77c100000,0x000000c77c200000] [id=4172]
  0x000002c31928c210 ConcurrentGCThread "G1 Service" [stack: 0x000000c77c200000,0x000000c77c300000] [id=19316]

Threads with active compile tasks:

VM state: not at safepoint (normal execution)

VM Mutex/Monitor currently owned by a thread: None

Heap address: 0x0000000704a00000, size: 4022 MB, Compressed Oops mode: Zero based, Oop shift amount: 3

CDS archive(s) mapped at: [0x000002c319800000-0x000002c31a460000-0x000002c31a460000), size 12976128, SharedBaseAddress: 0x000002c319800000, ArchiveRelocationMode: 1.
Compressed class space mapped at: 0x000002c31a800000-0x000002c35a800000, reserved size: 1073741824
Narrow klass base: 0x000002c319800000, Narrow klass shift: 0, Narrow klass range: 0x100000000

GC Precious Log:
 CardTable entry size: 512
 Card Set container configuration: InlinePtr #cards 4 size 8 Array Of Cards #cards 16 size 48 Howl #buckets 8 coarsen threshold 3686 Howl Bitmap #cards 512 size 80 coarsen threshold 460 Card regions per heap region 1 cards per card region 4096
 CPUs: 16 total, 16 available
 Memory: 16085M
 Large Page Support: Disabled
 NUMA Support: Disabled
 Compressed Oops: Enabled (Zero based)
 Heap Region Size: 2M
 Heap Min Capacity: 8M
 Heap Initial Capacity: 252M
 Heap Max Capacity: 4022M
 Pre-touch: Disabled
 Parallel Workers: 13
 Concurrent Workers: 3
 Concurrent Refinement Workers: 13
 Periodic GC: Disabled

Heap:
 garbage-first heap   total 258048K, used 8192K [0x0000000704a00000, 0x0000000800000000)
  region size 2048K, 5 young (10240K), 0 survivors (0K)
 Metaspace       used 1903K, committed 2048K, reserved 1114112K
  class space    used 147K, committed 256K, reserved 1048576K

Heap Regions: E=young(eden), S=young(survivor), O=old, HS=humongous(starts), HC=humongous(continues), CS=collection set, F=free, OA=open archive, CA=closed archive, TAMS=top-at-mark-start, PB=parsable bottom
|   0|0x0000000704a00000, 0x0000000704a00000, 0x0000000704c00000|  0%| F|  |TAMS 0x0000000704a00000| PB 0x0000000704a00000| Untracked 
|   1|0x0000000704c00000, 0x0000000704c00000, 0x0000000704e00000|  0%| F|  |TAMS 0x0000000704c00000| PB 0x0000000704c00000| Untracked 
|   2|0x0000000704e00000, 0x0000000704e00000, 0x0000000705000000|  0%| F|  |TAMS 0x0000000704e00000| PB 0x0000000704e00000| Untracked 
|   3|0x0000000705000000, 0x0000000705000000, 0x0000000705200000|  0%| F|  |TAMS 0x0000000705000000| PB 0x0000000705000000| Untracked 
|   4|0x0000000705200000, 0x0000000705200000, 0x0000000705400000|  0%| F|  |TAMS 0x0000000705200000| PB 0x0000000705200000| Untracked 
|   5|0x0000000705400000, 0x0000000705400000, 0x0000000705600000|  0%| F|  |TAMS 0x0000000705400000| PB 0x0000000705400000| Untracked 
|   6|0x0000000705600000, 0x0000000705600000, 0x0000000705800000|  0%| F|  |TAMS 0x0000000705600000| PB 0x0000000705600000| Untracked 
|   7|0x0000000705800000, 0x0000000705800000, 0x0000000705a00000|  0%| F|  |TAMS 0x0000000705800000| PB 0x0000000705800000| Untracked 
|   8|0x0000000705a00000, 0x0000000705a00000, 0x0000000705c00000|  0%| F|  |TAMS 0x0000000705a00000| PB 0x0000000705a00000| Untracked 
|   9|0x0000000705c00000, 0x0000000705c00000, 0x0000000705e00000|  0%| F|  |TAMS 0x0000000705c00000| PB 0x0000000705c00000| Untracked 
|  10|0x0000000705e00000, 0x0000000705e00000, 0x0000000706000000|  0%| F|  |TAMS 0x0000000705e00000| PB 0x0000000705e00000| Untracked 
|  11|0x0000000706000000, 0x0000000706000000, 0x0000000706200000|  0%| F|  |TAMS 0x0000000706000000| PB 0x0000000706000000| Untracked 
|  12|0x0000000706200000, 0x0000000706200000, 0x0000000706400000|  0%| F|  |TAMS 0x0000000706200000| PB 0x0000000706200000| Untracked 
|  13|0x0000000706400000, 0x0000000706400000, 0x0000000706600000|  0%| F|  |TAMS 0x0000000706400000| PB 0x0000000706400000| Untracked 
|  14|0x0000000706600000, 0x0000000706600000, 0x0000000706800000|  0%| F|  |TAMS 0x0000000706600000| PB 0x0000000706600000| Untracked 
|  15|0x0000000706800000, 0x0000000706800000, 0x0000000706a00000|  0%| F|  |TAMS 0x0000000706800000| PB 0x0000000706800000| Untracked 
|  16|0x0000000706a00000, 0x0000000706a00000, 0x0000000706c00000|  0%| F|  |TAMS 0x0000000706a00000| PB 0x0000000706a00000| Untracked 
|  17|0x0000000706c00000, 0x0000000706c00000, 0x0000000706e00000|  0%| F|  |TAMS 0x0000000706c00000| PB 0x0000000706c00000| Untracked 
|  18|0x0000000706e00000, 0x0000000706e00000, 0x0000000707000000|  0%| F|  |TAMS 0x0000000706e00000| PB 0x0000000706e00000| Untracked 
|  19|0x0000000707000000, 0x0000000707000000, 0x0000000707200000|  0%| F|  |TAMS 0x0000000707000000| PB 0x0000000707000000| Untracked 
|  20|0x0000000707200000, 0x0000000707200000, 0x0000000707400000|  0%| F|  |TAMS 0x0000000707200000| PB 0x0000000707200000| Untracked 
|  21|0x0000000707400000, 0x0000000707400000, 0x0000000707600000|  0%| F|  |TAMS 0x0000000707400000| PB 0x0000000707400000| Untracked 
|  22|0x0000000707600000, 0x0000000707600000, 0x0000000707800000|  0%| F|  |TAMS 0x0000000707600000| PB 0x0000000707600000| Untracked 
|  23|0x0000000707800000, 0x0000000707800000, 0x0000000707a00000|  0%| F|  |TAMS 0x0000000707800000| PB 0x0000000707800000| Untracked 
|  24|0x0000000707a00000, 0x0000000707a00000, 0x0000000707c00000|  0%| F|  |TAMS 0x0000000707a00000| PB 0x0000000707a00000| Untracked 
|  25|0x0000000707c00000, 0x0000000707c00000, 0x0000000707e00000|  0%| F|  |TAMS 0x0000000707c00000| PB 0x0000000707c00000| Untracked 
|  26|0x0000000707e00000, 0x0000000707e00000, 0x0000000708000000|  0%| F|  |TAMS 0x0000000707e00000| PB 0x0000000707e00000| Untracked 
|  27|0x0000000708000000, 0x0000000708000000, 0x0000000708200000|  0%| F|  |TAMS 0x0000000708000000| PB 0x0000000708000000| Untracked 
|  28|0x0000000708200000, 0x0000000708200000, 0x0000000708400000|  0%| F|  |TAMS 0x0000000708200000| PB 0x0000000708200000| Untracked 
|  29|0x0000000708400000, 0x0000000708400000, 0x0000000708600000|  0%| F|  |TAMS 0x0000000708400000| PB 0x0000000708400000| Untracked 
|  30|0x0000000708600000, 0x0000000708600000, 0x0000000708800000|  0%| F|  |TAMS 0x0000000708600000| PB 0x0000000708600000| Untracked 
|  31|0x0000000708800000, 0x0000000708800000, 0x0000000708a00000|  0%| F|  |TAMS 0x0000000708800000| PB 0x0000000708800000| Untracked 
|  32|0x0000000708a00000, 0x0000000708a00000, 0x0000000708c00000|  0%| F|  |TAMS 0x0000000708a00000| PB 0x0000000708a00000| Untracked 
|  33|0x0000000708c00000, 0x0000000708c00000, 0x0000000708e00000|  0%| F|  |TAMS 0x0000000708c00000| PB 0x0000000708c00000| Untracked 
|  34|0x0000000708e00000, 0x0000000708e00000, 0x0000000709000000|  0%| F|  |TAMS 0x0000000708e00000| PB 0x0000000708e00000| Untracked 
|  35|0x0000000709000000, 0x0000000709000000, 0x0000000709200000|  0%| F|  |TAMS 0x0000000709000000| PB 0x0000000709000000| Untracked 
|  36|0x0000000709200000, 0x0000000709200000, 0x0000000709400000|  0%| F|  |TAMS 0x0000000709200000| PB 0x0000000709200000| Untracked 
|  37|0x0000000709400000, 0x0000000709400000, 0x0000000709600000|  0%| F|  |TAMS 0x0000000709400000| PB 0x0000000709400000| Untracked 
|  38|0x0000000709600000, 0x0000000709600000, 0x0000000709800000|  0%| F|  |TAMS 0x0000000709600000| PB 0x0000000709600000| Untracked 
|  39|0x0000000709800000, 0x0000000709800000, 0x0000000709a00000|  0%| F|  |TAMS 0x0000000709800000| PB 0x0000000709800000| Untracked 
|  40|0x0000000709a00000, 0x0000000709a00000, 0x0000000709c00000|  0%| F|  |TAMS 0x0000000709a00000| PB 0x0000000709a00000| Untracked 
|  41|0x0000000709c00000, 0x0000000709c00000, 0x0000000709e00000|  0%| F|  |TAMS 0x0000000709c00000| PB 0x0000000709c00000| Untracked 
|  42|0x0000000709e00000, 0x0000000709e00000, 0x000000070a000000|  0%| F|  |TAMS 0x0000000709e00000| PB 0x0000000709e00000| Untracked 
|  43|0x000000070a000000, 0x000000070a000000, 0x000000070a200000|  0%| F|  |TAMS 0x000000070a000000| PB 0x000000070a000000| Untracked 
|  44|0x000000070a200000, 0x000000070a200000, 0x000000070a400000|  0%| F|  |TAMS 0x000000070a200000| PB 0x000000070a200000| Untracked 
|  45|0x000000070a400000, 0x000000070a400000, 0x000000070a600000|  0%| F|  |TAMS 0x000000070a400000| PB 0x000000070a400000| Untracked 
|  46|0x000000070a600000, 0x000000070a600000, 0x000000070a800000|  0%| F|  |TAMS 0x000000070a600000| PB 0x000000070a600000| Untracked 
|  47|0x000000070a800000, 0x000000070a800000, 0x000000070aa00000|  0%| F|  |TAMS 0x000000070a800000| PB 0x000000070a800000| Untracked 
|  48|0x000000070aa00000, 0x000000070aa00000, 0x000000070ac00000|  0%| F|  |TAMS 0x000000070aa00000| PB 0x000000070aa00000| Untracked 
|  49|0x000000070ac00000, 0x000000070ac00000, 0x000000070ae00000|  0%| F|  |TAMS 0x000000070ac00000| PB 0x000000070ac00000| Untracked 
|  50|0x000000070ae00000, 0x000000070ae00000, 0x000000070b000000|  0%| F|  |TAMS 0x000000070ae00000| PB 0x000000070ae00000| Untracked 
|  51|0x000000070b000000, 0x000000070b000000, 0x000000070b200000|  0%| F|  |TAMS 0x000000070b000000| PB 0x000000070b000000| Untracked 
|  52|0x000000070b200000, 0x000000070b200000, 0x000000070b400000|  0%| F|  |TAMS 0x000000070b200000| PB 0x000000070b200000| Untracked 
|  53|0x000000070b400000, 0x000000070b400000, 0x000000070b600000|  0%| F|  |TAMS 0x000000070b400000| PB 0x000000070b400000| Untracked 
|  54|0x000000070b600000, 0x000000070b600000, 0x000000070b800000|  0%| F|  |TAMS 0x000000070b600000| PB 0x000000070b600000| Untracked 
|  55|0x000000070b800000, 0x000000070b800000, 0x000000070ba00000|  0%| F|  |TAMS 0x000000070b800000| PB 0x000000070b800000| Untracked 
|  56|0x000000070ba00000, 0x000000070ba00000, 0x000000070bc00000|  0%| F|  |TAMS 0x000000070ba00000| PB 0x000000070ba00000| Untracked 
|  57|0x000000070bc00000, 0x000000070bc00000, 0x000000070be00000|  0%| F|  |TAMS 0x000000070bc00000| PB 0x000000070bc00000| Untracked 
|  58|0x000000070be00000, 0x000000070be00000, 0x000000070c000000|  0%| F|  |TAMS 0x000000070be00000| PB 0x000000070be00000| Untracked 
|  59|0x000000070c000000, 0x000000070c000000, 0x000000070c200000|  0%| F|  |TAMS 0x000000070c000000| PB 0x000000070c000000| Untracked 
|  60|0x000000070c200000, 0x000000070c200000, 0x000000070c400000|  0%| F|  |TAMS 0x000000070c200000| PB 0x000000070c200000| Untracked 
|  61|0x000000070c400000, 0x000000070c400000, 0x000000070c600000|  0%| F|  |TAMS 0x000000070c400000| PB 0x000000070c400000| Untracked 
|  62|0x000000070c600000, 0x000000070c600000, 0x000000070c800000|  0%| F|  |TAMS 0x000000070c600000| PB 0x000000070c600000| Untracked 
|  63|0x000000070c800000, 0x000000070c800000, 0x000000070ca00000|  0%| F|  |TAMS 0x000000070c800000| PB 0x000000070c800000| Untracked 
|  64|0x000000070ca00000, 0x000000070ca00000, 0x000000070cc00000|  0%| F|  |TAMS 0x000000070ca00000| PB 0x000000070ca00000| Untracked 
|  65|0x000000070cc00000, 0x000000070cc00000, 0x000000070ce00000|  0%| F|  |TAMS 0x000000070cc00000| PB 0x000000070cc00000| Untracked 
|  66|0x000000070ce00000, 0x000000070ce00000, 0x000000070d000000|  0%| F|  |TAMS 0x000000070ce00000| PB 0x000000070ce00000| Untracked 
|  67|0x000000070d000000, 0x000000070d000000, 0x000000070d200000|  0%| F|  |TAMS 0x000000070d000000| PB 0x000000070d000000| Untracked 
|  68|0x000000070d200000, 0x000000070d200000, 0x000000070d400000|  0%| F|  |TAMS 0x000000070d200000| PB 0x000000070d200000| Untracked 
|  69|0x000000070d400000, 0x000000070d400000, 0x000000070d600000|  0%| F|  |TAMS 0x000000070d400000| PB 0x000000070d400000| Untracked 
|  70|0x000000070d600000, 0x000000070d600000, 0x000000070d800000|  0%| F|  |TAMS 0x000000070d600000| PB 0x000000070d600000| Untracked 
|  71|0x000000070d800000, 0x000000070d800000, 0x000000070da00000|  0%| F|  |TAMS 0x000000070d800000| PB 0x000000070d800000| Untracked 
|  72|0x000000070da00000, 0x000000070da00000, 0x000000070dc00000|  0%| F|  |TAMS 0x000000070da00000| PB 0x000000070da00000| Untracked 
|  73|0x000000070dc00000, 0x000000070dc00000, 0x000000070de00000|  0%| F|  |TAMS 0x000000070dc00000| PB 0x000000070dc00000| Untracked 
|  74|0x000000070de00000, 0x000000070de00000, 0x000000070e000000|  0%| F|  |TAMS 0x000000070de00000| PB 0x000000070de00000| Untracked 
|  75|0x000000070e000000, 0x000000070e000000, 0x000000070e200000|  0%| F|  |TAMS 0x000000070e000000| PB 0x000000070e000000| Untracked 
|  76|0x000000070e200000, 0x000000070e200000, 0x000000070e400000|  0%| F|  |TAMS 0x000000070e200000| PB 0x000000070e200000| Untracked 
|  77|0x000000070e400000, 0x000000070e400000, 0x000000070e600000|  0%| F|  |TAMS 0x000000070e400000| PB 0x000000070e400000| Untracked 
|  78|0x000000070e600000, 0x000000070e600000, 0x000000070e800000|  0%| F|  |TAMS 0x000000070e600000| PB 0x000000070e600000| Untracked 
|  79|0x000000070e800000, 0x000000070e800000, 0x000000070ea00000|  0%| F|  |TAMS 0x000000070e800000| PB 0x000000070e800000| Untracked 
|  80|0x000000070ea00000, 0x000000070ea00000, 0x000000070ec00000|  0%| F|  |TAMS 0x000000070ea00000| PB 0x000000070ea00000| Untracked 
|  81|0x000000070ec00000, 0x000000070ec00000, 0x000000070ee00000|  0%| F|  |TAMS 0x000000070ec00000| PB 0x000000070ec00000| Untracked 
|  82|0x000000070ee00000, 0x000000070ee00000, 0x000000070f000000|  0%| F|  |TAMS 0x000000070ee00000| PB 0x000000070ee00000| Untracked 
|  83|0x000000070f000000, 0x000000070f000000, 0x000000070f200000|  0%| F|  |TAMS 0x000000070f000000| PB 0x000000070f000000| Untracked 
|  84|0x000000070f200000, 0x000000070f200000, 0x000000070f400000|  0%| F|  |TAMS 0x000000070f200000| PB 0x000000070f200000| Untracked 
|  85|0x000000070f400000, 0x000000070f400000, 0x000000070f600000|  0%| F|  |TAMS 0x000000070f400000| PB 0x000000070f400000| Untracked 
|  86|0x000000070f600000, 0x000000070f600000, 0x000000070f800000|  0%| F|  |TAMS 0x000000070f600000| PB 0x000000070f600000| Untracked 
|  87|0x000000070f800000, 0x000000070f800000, 0x000000070fa00000|  0%| F|  |TAMS 0x000000070f800000| PB 0x000000070f800000| Untracked 
|  88|0x000000070fa00000, 0x000000070fa00000, 0x000000070fc00000|  0%| F|  |TAMS 0x000000070fa00000| PB 0x000000070fa00000| Untracked 
|  89|0x000000070fc00000, 0x000000070fc00000, 0x000000070fe00000|  0%| F|  |TAMS 0x000000070fc00000| PB 0x000000070fc00000| Untracked 
|  90|0x000000070fe00000, 0x000000070fe00000, 0x0000000710000000|  0%| F|  |TAMS 0x000000070fe00000| PB 0x000000070fe00000| Untracked 
|  91|0x0000000710000000, 0x0000000710000000, 0x0000000710200000|  0%| F|  |TAMS 0x0000000710000000| PB 0x0000000710000000| Untracked 
|  92|0x0000000710200000, 0x0000000710200000, 0x0000000710400000|  0%| F|  |TAMS 0x0000000710200000| PB 0x0000000710200000| Untracked 
|  93|0x0000000710400000, 0x0000000710400000, 0x0000000710600000|  0%| F|  |TAMS 0x0000000710400000| PB 0x0000000710400000| Untracked 
|  94|0x0000000710600000, 0x0000000710600000, 0x0000000710800000|  0%| F|  |TAMS 0x0000000710600000| PB 0x0000000710600000| Untracked 
|  95|0x0000000710800000, 0x0000000710800000, 0x0000000710a00000|  0%| F|  |TAMS 0x0000000710800000| PB 0x0000000710800000| Untracked 
|  96|0x0000000710a00000, 0x0000000710a00000, 0x0000000710c00000|  0%| F|  |TAMS 0x0000000710a00000| PB 0x0000000710a00000| Untracked 
|  97|0x0000000710c00000, 0x0000000710c00000, 0x0000000710e00000|  0%| F|  |TAMS 0x0000000710c00000| PB 0x0000000710c00000| Untracked 
|  98|0x0000000710e00000, 0x0000000710e00000, 0x0000000711000000|  0%| F|  |TAMS 0x0000000710e00000| PB 0x0000000710e00000| Untracked 
|  99|0x0000000711000000, 0x0000000711000000, 0x0000000711200000|  0%| F|  |TAMS 0x0000000711000000| PB 0x0000000711000000| Untracked 
| 100|0x0000000711200000, 0x0000000711200000, 0x0000000711400000|  0%| F|  |TAMS 0x0000000711200000| PB 0x0000000711200000| Untracked 
| 101|0x0000000711400000, 0x0000000711400000, 0x0000000711600000|  0%| F|  |TAMS 0x0000000711400000| PB 0x0000000711400000| Untracked 
| 102|0x0000000711600000, 0x0000000711600000, 0x0000000711800000|  0%| F|  |TAMS 0x0000000711600000| PB 0x0000000711600000| Untracked 
| 103|0x0000000711800000, 0x0000000711800000, 0x0000000711a00000|  0%| F|  |TAMS 0x0000000711800000| PB 0x0000000711800000| Untracked 
| 104|0x0000000711a00000, 0x0000000711a00000, 0x0000000711c00000|  0%| F|  |TAMS 0x0000000711a00000| PB 0x0000000711a00000| Untracked 
| 105|0x0000000711c00000, 0x0000000711c00000, 0x0000000711e00000|  0%| F|  |TAMS 0x0000000711c00000| PB 0x0000000711c00000| Untracked 
| 106|0x0000000711e00000, 0x0000000711e00000, 0x0000000712000000|  0%| F|  |TAMS 0x0000000711e00000| PB 0x0000000711e00000| Untracked 
| 107|0x0000000712000000, 0x0000000712000000, 0x0000000712200000|  0%| F|  |TAMS 0x0000000712000000| PB 0x0000000712000000| Untracked 
| 108|0x0000000712200000, 0x0000000712200000, 0x0000000712400000|  0%| F|  |TAMS 0x0000000712200000| PB 0x0000000712200000| Untracked 
| 109|0x0000000712400000, 0x0000000712400000, 0x0000000712600000|  0%| F|  |TAMS 0x0000000712400000| PB 0x0000000712400000| Untracked 
| 110|0x0000000712600000, 0x0000000712600000, 0x0000000712800000|  0%| F|  |TAMS 0x0000000712600000| PB 0x0000000712600000| Untracked 
| 111|0x0000000712800000, 0x0000000712800000, 0x0000000712a00000|  0%| F|  |TAMS 0x0000000712800000| PB 0x0000000712800000| Untracked 
| 112|0x0000000712a00000, 0x0000000712a00000, 0x0000000712c00000|  0%| F|  |TAMS 0x0000000712a00000| PB 0x0000000712a00000| Untracked 
| 113|0x0000000712c00000, 0x0000000712c00000, 0x0000000712e00000|  0%| F|  |TAMS 0x0000000712c00000| PB 0x0000000712c00000| Untracked 
| 114|0x0000000712e00000, 0x0000000712e00000, 0x0000000713000000|  0%| F|  |TAMS 0x0000000712e00000| PB 0x0000000712e00000| Untracked 
| 115|0x0000000713000000, 0x0000000713000000, 0x0000000713200000|  0%| F|  |TAMS 0x0000000713000000| PB 0x0000000713000000| Untracked 
| 116|0x0000000713200000, 0x0000000713200000, 0x0000000713400000|  0%| F|  |TAMS 0x0000000713200000| PB 0x0000000713200000| Untracked 
| 117|0x0000000713400000, 0x0000000713400000, 0x0000000713600000|  0%| F|  |TAMS 0x0000000713400000| PB 0x0000000713400000| Untracked 
| 118|0x0000000713600000, 0x0000000713600000, 0x0000000713800000|  0%| F|  |TAMS 0x0000000713600000| PB 0x0000000713600000| Untracked 
| 119|0x0000000713800000, 0x0000000713800000, 0x0000000713a00000|  0%| F|  |TAMS 0x0000000713800000| PB 0x0000000713800000| Untracked 
| 120|0x0000000713a00000, 0x0000000713a00000, 0x0000000713c00000|  0%| F|  |TAMS 0x0000000713a00000| PB 0x0000000713a00000| Untracked 
| 121|0x0000000713c00000, 0x0000000713c75128, 0x0000000713e00000| 22%| E|  |TAMS 0x0000000713c00000| PB 0x0000000713c00000| Complete 
| 122|0x0000000713e00000, 0x0000000714000000, 0x0000000714000000|100%| E|CS|TAMS 0x0000000713e00000| PB 0x0000000713e00000| Complete 
| 123|0x0000000714000000, 0x0000000714200000, 0x0000000714200000|100%| E|CS|TAMS 0x0000000714000000| PB 0x0000000714000000| Complete 
| 124|0x0000000714200000, 0x0000000714400000, 0x0000000714400000|100%| E|CS|TAMS 0x0000000714200000| PB 0x0000000714200000| Complete 
| 125|0x0000000714400000, 0x0000000714600000, 0x0000000714600000|100%| E|CS|TAMS 0x0000000714400000| PB 0x0000000714400000| Complete 

Card table byte_map: [0x000002c37a400000,0x000002c37abe0000] _byte_map_base: 0x000002c376bdb000

Marking Bits: (CMBitMap*) 0x000002c37934cfe0
 Bits: [0x000002c37b3c0000, 0x000002c37f298000)

Polling page: 0x000002c378aa0000

Metaspace:

Usage:
  Non-class:      1.71 MB used.
      Class:    147.33 KB used.
       Both:      1.86 MB used.

Virtual space:
  Non-class space:       64.00 MB reserved,       1.75 MB (  3%) committed,  1 nodes.
      Class space:        1.00 GB reserved,     256.00 KB ( <1%) committed,  1 nodes.
             Both:        1.06 GB reserved,       2.00 MB ( <1%) committed. 

Chunk freelists:
   Non-Class:  3.44 MB
       Class:  3.67 MB
        Both:  7.11 MB

MaxMetaspaceSize: unlimited
CompressedClassSpaceSize: 1.00 GB
Initial GC threshold: 21.00 MB
Current GC threshold: 21.00 MB
CDS: on
MetaspaceReclaimPolicy: balanced
 - commit_granule_bytes: 65536.
 - commit_granule_words: 8192.
 - virtual_space_node_default_size: 8388608.
 - enlarge_chunks_in_place: 1.
 - new_chunks_are_fully_committed: 0.
 - uncommit_free_chunks: 1.
 - use_allocation_guard: 0.


Internal statistics:

num_allocs_failed_limit: 0.
num_arena_births: 74.
num_arena_deaths: 0.
num_vsnodes_births: 2.
num_vsnodes_deaths: 0.
num_space_committed: 32.
num_space_uncommitted: 0.
num_chunks_returned_to_freelist: 0.
num_chunks_taken_from_freelist: 106.
num_chunk_merges: 0.
num_chunk_splits: 71.
num_chunks_enlarged: 47.
num_inconsistent_stats: 0.

CodeHeap 'non-profiled nmethods': size=119168Kb used=147Kb max_used=147Kb free=119020Kb
 bounds [0x000002c30fba0000, 0x000002c30fe10000, 0x000002c317000000]
CodeHeap 'profiled nmethods': size=119104Kb used=629Kb max_used=629Kb free=118474Kb
 bounds [0x000002c308000000, 0x000002c308270000, 0x000002c30f450000]
CodeHeap 'non-nmethods': size=7488Kb used=2681Kb max_used=2687Kb free=4806Kb
 bounds [0x000002c30f450000, 0x000002c30f700000, 0x000002c30fba0000]
 total_blobs=919 nmethods=480 adapters=348
 compilation: enabled
              stopped_count=0, restarted_count=0
 full_count=0

Compilation events (20 events):
Event: 0.509 Thread 0x000002c35e931190  470       3       java.lang.invoke.MethodHandles$Lookup::lookupClassOrNull (17 bytes)
Event: 0.509 Thread 0x000002c35e931190 nmethod 470 0x000002c30809ae10 code [0x000002c30809afa0, 0x000002c30809b138]
Event: 0.510 Thread 0x000002c35e931190  472       3       java.lang.StringBuilder::append (8 bytes)
Event: 0.510 Thread 0x000002c3193f9470  473       3       java.lang.AbstractStringBuilder::append (55 bytes)
Event: 0.510 Thread 0x000002c35e92cbf0  474       3       jdk.internal.org.objectweb.asm.ByteVector::putByteArray (49 bytes)
Event: 0.510 Thread 0x000002c35e931190 nmethod 472 0x000002c30809b210 code [0x000002c30809b3a0, 0x000002c30809b4f0]
Event: 0.510 Thread 0x000002c3193f9470 nmethod 473 0x000002c30809b590 code [0x000002c30809b760, 0x000002c30809baa0]
Event: 0.510 Thread 0x000002c35e92cbf0 nmethod 474 0x000002c30809bc10 code [0x000002c30809bdc0, 0x000002c30809c098]
Event: 0.512 Thread 0x000002c3193f9470  475       3       java.lang.StringLatin1::indexOf (36 bytes)
Event: 0.512 Thread 0x000002c3193f9470 nmethod 475 0x000002c30809c190 code [0x000002c30809c340, 0x000002c30809c658]
Event: 0.513 Thread 0x000002c3193f88d0  476       4       java.util.concurrent.ConcurrentHashMap::tabAt (22 bytes)
Event: 0.513 Thread 0x000002c3193f88d0 nmethod 476 0x000002c30fbc4a10 code [0x000002c30fbc4b80, 0x000002c30fbc4bf8]
Event: 0.516 Thread 0x000002c35e92cbf0  477       3       jdk.internal.jimage.ImageStringsReader::hashCode (33 bytes)
Event: 0.516 Thread 0x000002c35e931190  478       3       java.util.Optional::empty (6 bytes)
Event: 0.516 Thread 0x000002c35e92cbf0 nmethod 477 0x000002c30809c790 code [0x000002c30809c920, 0x000002c30809ca90]
Event: 0.517 Thread 0x000002c35e931190 nmethod 478 0x000002c30809cb90 code [0x000002c30809cd20, 0x000002c30809ce18]
Event: 0.517 Thread 0x000002c35e931190  479       3       java.util.ArrayList::get (15 bytes)
Event: 0.517 Thread 0x000002c3193f9470  480       3       java.util.ArrayList::elementData (7 bytes)
Event: 0.517 Thread 0x000002c3193f9470 nmethod 480 0x000002c30809ce90 code [0x000002c30809d020, 0x000002c30809d160]
Event: 0.517 Thread 0x000002c35e931190 nmethod 479 0x000002c30809d210 code [0x000002c30809d3c0, 0x000002c30809d620]

GC Heap History (0 events):
No events

Dll operation events (9 events):
Event: 0.010 Loaded shared library C:\Users\hadin\.jdks\openjdk-20.0.2\bin\java.dll
Event: 0.011 Loaded shared library C:\Users\hadin\.jdks\openjdk-20.0.2\bin\zip.dll
Event: 0.026 Loaded shared library C:\Users\hadin\.jdks\openjdk-20.0.2\bin\jsvml.dll
Event: 0.371 Loaded shared library C:\Users\hadin\.jdks\openjdk-20.0.2\bin\instrument.dll
Event: 0.402 Loaded shared library C:\Users\hadin\.jdks\openjdk-20.0.2\bin\net.dll
Event: 0.404 Loaded shared library C:\Users\hadin\.jdks\openjdk-20.0.2\bin\nio.dll
Event: 0.417 Loaded shared library C:\Users\hadin\.jdks\openjdk-20.0.2\bin\zip.dll
Event: 0.468 Loaded shared library C:\Users\hadin\.jdks\openjdk-20.0.2\bin\jimage.dll
Event: 0.489 Loaded shared library C:\Users\hadin\AppData\Local\Temp\lwjglhadin\3.3.1-build-7\lwjgl.dll

Deoptimization events (10 events):
Event: 0.383 Thread 0x000002c3792da3a0 Uncommon trap: trap_request=0xffffff45 fr.pc=0x000002c30fbb3870 relative=0x0000000000000070
Event: 0.383 Thread 0x000002c3792da3a0 Uncommon trap: reason=unstable_if action=reinterpret pc=0x000002c30fbb3870 method=java.lang.String.isLatin1()Z @ 10 c2
Event: 0.383 Thread 0x000002c3792da3a0 DEOPT PACKING pc=0x000002c30fbb3870 sp=0x000000c77bdfe570
Event: 0.383 Thread 0x000002c3792da3a0 DEOPT UNPACKING pc=0x000002c30f46d2a2 sp=0x000000c77bdfe510 mode 2
Event: 0.383 Thread 0x000002c3792da3a0 Uncommon trap: trap_request=0xffffff45 fr.pc=0x000002c30fbb1dc8 relative=0x00000000000000c8
Event: 0.383 Thread 0x000002c3792da3a0 Uncommon trap: reason=unstable_if action=reinterpret pc=0x000002c30fbb1dc8 method=java.lang.String.isLatin1()Z @ 10 c2
Event: 0.383 Thread 0x000002c3792da3a0 DEOPT PACKING pc=0x000002c30fbb1dc8 sp=0x000000c77bdfef80
Event: 0.383 Thread 0x000002c3792da3a0 DEOPT UNPACKING pc=0x000002c30f46d2a2 sp=0x000000c77bdfeed0 mode 2
Event: 0.512 Thread 0x000002c3792da3a0 DEOPT PACKING pc=0x000002c30802edda sp=0x000000c77bdf8fd0
Event: 0.512 Thread 0x000002c3792da3a0 DEOPT UNPACKING pc=0x000002c30f4be462 sp=0x000000c77bdf83f0 mode 0

Classes loaded (20 events):
Event: 0.511 Loading class java/nio/BufferUnderflowException
Event: 0.511 Loading class java/nio/BufferUnderflowException done
Event: 0.511 Loading class org/lwjgl/system/MemoryStack
Event: 0.511 Loading class org/lwjgl/system/MemoryStack done
Event: 0.512 Loading class java/lang/IndexOutOfBoundsException
Event: 0.512 Loading class java/lang/IndexOutOfBoundsException done
Event: 0.512 Loading class org/lwjgl/system/MemoryStack$DebugMemoryStack
Event: 0.512 Loading class org/lwjgl/system/MemoryStack$DebugMemoryStack done
Event: 0.513 Loading class org/lwjgl/system/MemoryStack
Event: 0.513 Loading class org/lwjgl/system/MemoryStack done
Event: 0.513 Loading class org/lwjgl/system/MemoryStack
Event: 0.513 Loading class org/lwjgl/system/MemoryStack done
Event: 0.514 Loading class org/lwjgl/BufferUtils
Event: 0.514 Loading class org/lwjgl/BufferUtils done
Event: 0.514 Loading class org/lwjgl/system/windows/WinBase
Event: 0.514 Loading class org/lwjgl/system/windows/WinBase done
Event: 0.515 Loading class org/lwjgl/system/ThreadLocalUtil
Event: 0.515 Loading class org/lwjgl/system/ThreadLocalUtil done
Event: 0.517 Loading class org/lwjgl/glfw/GLFW$Functions
Event: 0.517 Loading class org/lwjgl/glfw/GLFW$Functions done

Classes unloaded (0 events):
No events

Classes redefined (0 events):
No events

Internal exceptions (19 events):
Event: 0.371 Thread 0x000002c3792da3a0 Exception <a 'java/lang/NoSuchMethodError'{0x00000007142b6fc0}: 'void java.lang.invoke.DirectMethodHandle$Holder.invokeStatic(java.lang.Object, java.lang.Object, java.lang.Object)'> (0x00000007142b6fc0) 
thrown [s\open\src\hotspot\share\interpreter\linkResolver.cpp, line 773]
Event: 0.376 Thread 0x000002c3792da3a0 Exception <a 'java/lang/NoSuchMethodError'{0x00000007142ce4c8}: 'java.lang.Object java.lang.invoke.Invokers$Holder.invokeExact_MT(java.lang.Object, java.lang.Object, java.lang.Object, java.lang.Object, java.lang.Object)'> (0x00000007142ce4c8) 
thrown [s\open\src\hotspot\share\interpreter\linkResolver.cpp, line 773]
Event: 0.449 Thread 0x000002c3792da3a0 Exception <a 'java/lang/NoSuchMethodError'{0x0000000713e4f430}: 'void java.lang.invoke.DirectMethodHandle$Holder.invokeStatic(java.lang.Object, java.lang.Object)'> (0x0000000713e4f430) 
thrown [s\open\src\hotspot\share\interpreter\linkResolver.cpp, line 773]
Event: 0.450 Thread 0x000002c3792da3a0 Exception <a 'java/lang/NoSuchMethodError'{0x0000000713e59a08}: 'void java.lang.System.load(java.lang.String, java.lang.Class)'> (0x0000000713e59a08) 
thrown [s\open\src\hotspot\share\interpreter\linkResolver.cpp, line 773]
Event: 0.450 Thread 0x000002c3792da3a0 Exception <a 'java/lang/NoSuchMethodError'{0x0000000713e5a3d8}: 'void java.lang.invoke.DirectMethodHandle$Holder.invokeSpecial(java.lang.Object, java.lang.Object, java.lang.Object)'> (0x0000000713e5a3d8) 
thrown [s\open\src\hotspot\share\interpreter\linkResolver.cpp, line 773]
Event: 0.452 Thread 0x000002c3792da3a0 Exception <a 'java/lang/NoSuchMethodError'{0x0000000713e6e170}: 'java.lang.Object java.lang.invoke.DirectMethodHandle$Holder.invokeStatic(java.lang.Object, java.lang.Object, int)'> (0x0000000713e6e170) 
thrown [s\open\src\hotspot\share\interpreter\linkResolver.cpp, line 773]
Event: 0.454 Thread 0x000002c3792da3a0 Exception <a 'java/lang/NoSuchMethodError'{0x0000000713e79670}: 'void java.lang.invoke.DelegatingMethodHandle$Holder.delegate(java.lang.Object, java.lang.Object, int, java.lang.Object)'> (0x0000000713e79670) 
thrown [s\open\src\hotspot\share\interpreter\linkResolver.cpp, line 773]
Event: 0.454 Thread 0x000002c3792da3a0 Exception <a 'java/lang/NoSuchMethodError'{0x0000000713e7d558}: 'int java.lang.invoke.DirectMethodHandle$Holder.invokeSpecial(java.lang.Object, java.lang.Object, java.lang.Object)'> (0x0000000713e7d558) 
thrown [s\open\src\hotspot\share\interpreter\linkResolver.cpp, line 773]
Event: 0.458 Thread 0x000002c3792da3a0 Exception <a 'java/lang/NoSuchMethodError'{0x0000000713e997f8}: 'void java.lang.System.loadLibrary(java.lang.String, java.lang.Class)'> (0x0000000713e997f8) 
thrown [s\open\src\hotspot\share\interpreter\linkResolver.cpp, line 773]
Event: 0.487 Thread 0x000002c3792da3a0 Exception <a 'sun/nio/fs/WindowsException'{0x0000000713f5a800}> (0x0000000713f5a800) 
thrown [s\open\src\hotspot\share\prims\jni.cpp, line 519]
Event: 0.487 Thread 0x000002c3792da3a0 Exception <a 'sun/nio/fs/WindowsException'{0x0000000713f5be08}> (0x0000000713f5be08) 
thrown [s\open\src\hotspot\share\prims\jni.cpp, line 519]
Event: 0.497 Thread 0x000002c3792da3a0 Exception <a 'sun/nio/fs/WindowsException'{0x0000000713f86fb8}> (0x0000000713f86fb8) 
thrown [s\open\src\hotspot\share\prims\jni.cpp, line 519]
Event: 0.497 Thread 0x000002c3792da3a0 Exception <a 'sun/nio/fs/WindowsException'{0x0000000713f87318}> (0x0000000713f87318) 
thrown [s\open\src\hotspot\share\prims\jni.cpp, line 519]
Event: 0.505 Thread 0x000002c3792da3a0 Exception <a 'java/lang/NoSuchMethodError'{0x0000000713ff44c0}: 'int java.lang.invoke.DirectMethodHandle$Holder.invokeStaticInit(java.lang.Object, java.lang.Object, int, long)'> (0x0000000713ff44c0) 
thrown [s\open\src\hotspot\share\interpreter\linkResolver.cpp, line 773]
Event: 0.506 Thread 0x000002c3792da3a0 Exception <a 'java/lang/NoSuchMethodError'{0x0000000713ff9af8}: 'java.lang.Object java.lang.invoke.DirectMethodHandle$Holder.newInvokeSpecial(java.lang.Object, java.lang.Object, int)'> (0x0000000713ff9af8) 
thrown [s\open\src\hotspot\share\interpreter\linkResolver.cpp, line 773]
Event: 0.508 Thread 0x000002c3792da3a0 Exception <a 'java/lang/NoSuchMethodError'{0x0000000713c0f148}: 'int java.lang.invoke.DirectMethodHandle$Holder.invokeStaticInit(java.lang.Object, java.lang.Object, long, long)'> (0x0000000713c0f148) 
thrown [s\open\src\hotspot\share\interpreter\linkResolver.cpp, line 773]
Event: 0.509 Thread 0x000002c3792da3a0 Exception <a 'java/lang/NoSuchMethodError'{0x0000000713c14f90}: 'java.lang.Object java.lang.invoke.DirectMethodHandle$Holder.newInvokeSpecial(java.lang.Object, java.lang.Object, long)'> (0x0000000713c14f90) 
thrown [s\open\src\hotspot\share\interpreter\linkResolver.cpp, line 773]
Event: 0.509 Thread 0x000002c3792da3a0 Exception <a 'java/lang/NoSuchMethodError'{0x0000000713c18d48}: 'java.lang.Object java.lang.invoke.Invokers$Holder.linkToTargetMethod(java.lang.Object, long, java.lang.Object)'> (0x0000000713c18d48) 
thrown [s\open\src\hotspot\share\interpreter\linkResolver.cpp, line 773]
Event: 0.510 Thread 0x000002c3792da3a0 Exception <a 'java/lang/NoSuchMethodError'{0x0000000713c1fd80}: 'int java.lang.invoke.DirectMethodHandle$Holder.invokeStaticInit(java.lang.Object, java.lang.Object, java.lang.Object, long)'> (0x0000000713c1fd80) 
thrown [s\open\src\hotspot\share\interpreter\linkResolver.cpp, line 773]

VM Operations (6 events):
Event: 0.054 Executing VM operation: HandshakeAllThreads
Event: 0.054 Executing VM operation: HandshakeAllThreads done
Event: 0.368 Executing VM operation: ChangeBreakpoints
Event: 0.369 Executing VM operation: ChangeBreakpoints done
Event: 0.369 Executing VM operation: ChangeBreakpoints
Event: 0.369 Executing VM operation: ChangeBreakpoints done

Events (16 events):
Event: 0.026 Thread 0x000002c3792da3a0 Thread added: 0x000002c3792da3a0
Event: 0.033 Thread 0x000002c3193eb710 Thread added: 0x000002c3193eb710
Event: 0.033 Thread 0x000002c3193ec250 Thread added: 0x000002c3193ec250
Event: 0.033 Thread 0x000002c3193f0230 Thread added: 0x000002c3193f0230
Event: 0.033 Thread 0x000002c3193f3360 Thread added: 0x000002c3193f3360
Event: 0.033 Thread 0x000002c3193f3d90 Thread added: 0x000002c3193f3d90
Event: 0.033 Thread 0x000002c3193f48f0 Thread added: 0x000002c3193f48f0
Event: 0.033 Thread 0x000002c3193f88d0 Thread added: 0x000002c3193f88d0
Event: 0.033 Thread 0x000002c3193f9470 Thread added: 0x000002c3193f9470
Event: 0.050 Thread 0x000002c3193b6ba0 Thread added: 0x000002c3193b6ba0
Event: 0.054 Thread 0x000002c35e92cbf0 Thread added: 0x000002c35e92cbf0
Event: 0.055 Thread 0x000002c35e931190 Thread added: 0x000002c35e931190
Event: 0.069 Thread 0x000002c35e9c6200 Thread added: 0x000002c35e9c6200
Event: 0.070 Thread 0x000002c35e9ab900 Thread added: 0x000002c35e9ab900
Event: 0.070 Thread 0x000002c35e9ac270 Thread added: 0x000002c35e9ac270
Event: 0.381 Thread 0x000002c35ea63140 Thread added: 0x000002c35ea63140


Dynamic libraries:
0x00007ff74a7b0000 - 0x00007ff74a7be000 	C:\Users\hadin\.jdks\openjdk-20.0.2\bin\java.exe
0x00007fffed290000 - 0x00007fffed4a7000 	C:\WINDOWS\SYSTEM32\ntdll.dll
0x00007fffeb700000 - 0x00007fffeb7c4000 	C:\WINDOWS\System32\KERNEL32.DLL
0x00007fffeac30000 - 0x00007fffeafd5000 	C:\WINDOWS\System32\KERNELBASE.dll
0x00007fffea6a0000 - 0x00007fffea7b1000 	C:\WINDOWS\System32\ucrtbase.dll
0x00007fffe1780000 - 0x00007fffe1797000 	C:\Users\hadin\.jdks\openjdk-20.0.2\bin\jli.dll
0x00007fffda210000 - 0x00007fffda22b000 	C:\Users\hadin\.jdks\openjdk-20.0.2\bin\VCRUNTIME140.dll
0x00007fffec3e0000 - 0x00007fffec58e000 	C:\WINDOWS\System32\USER32.dll
0x00007fffeab40000 - 0x00007fffeab66000 	C:\WINDOWS\System32\win32u.dll
0x00007fffda510000 - 0x00007fffda7a3000 	C:\WINDOWS\WinSxS\amd64_microsoft.windows.common-controls_6595b64144ccf1df_6.0.22621.2506_none_270c5ae97388e100\COMCTL32.dll
0x00007fffebcd0000 - 0x00007fffebcf9000 	C:\WINDOWS\System32\GDI32.dll
0x00007fffed180000 - 0x00007fffed227000 	C:\WINDOWS\System32\msvcrt.dll
0x00007fffea930000 - 0x00007fffeaa49000 	C:\WINDOWS\System32\gdi32full.dll
0x00007fffea600000 - 0x00007fffea69a000 	C:\WINDOWS\System32\msvcp_win.dll
0x00007fffec770000 - 0x00007fffec7a1000 	C:\WINDOWS\System32\IMM32.DLL
0x00007fffe7900000 - 0x00007fffe790c000 	C:\Users\hadin\.jdks\openjdk-20.0.2\bin\vcruntime140_1.dll
0x00007fffc7b00000 - 0x00007fffc7b8e000 	C:\Users\hadin\.jdks\openjdk-20.0.2\bin\msvcp140.dll
0x00007fff5b3b0000 - 0x00007fff5c048000 	C:\Users\hadin\.jdks\openjdk-20.0.2\bin\server\jvm.dll
0x00007fffec590000 - 0x00007fffec641000 	C:\WINDOWS\System32\ADVAPI32.dll
0x00007fffeb650000 - 0x00007fffeb6f6000 	C:\WINDOWS\System32\sechost.dll
0x00007fffec650000 - 0x00007fffec767000 	C:\WINDOWS\System32\RPCRT4.dll
0x00007fffe1680000 - 0x00007fffe16b4000 	C:\WINDOWS\SYSTEM32\WINMM.dll
0x00007fffe3870000 - 0x00007fffe387a000 	C:\WINDOWS\SYSTEM32\VERSION.dll
0x00007fffe5b20000 - 0x00007fffe5b29000 	C:\WINDOWS\SYSTEM32\WSOCK32.dll
0x00007fffeb270000 - 0x00007fffeb2e1000 	C:\WINDOWS\System32\WS2_32.dll
0x00007fffe9560000 - 0x00007fffe9578000 	C:\WINDOWS\SYSTEM32\kernel.appcore.dll
0x00007fffe4a80000 - 0x00007fffe4a8a000 	C:\Users\hadin\.jdks\openjdk-20.0.2\bin\jimage.dll
0x00007fffd9470000 - 0x00007fffd96a3000 	C:\WINDOWS\SYSTEM32\DBGHELP.DLL
0x00007fffeb940000 - 0x00007fffebcc9000 	C:\WINDOWS\System32\combase.dll
0x00007fffebd20000 - 0x00007fffebdf7000 	C:\WINDOWS\System32\OLEAUT32.dll
0x00007fffc3d00000 - 0x00007fffc3d32000 	C:\WINDOWS\SYSTEM32\dbgcore.DLL
0x00007fffeaa50000 - 0x00007fffeaaca000 	C:\WINDOWS\System32\bcryptPrimitives.dll
0x00007fffcacb0000 - 0x00007fffcacec000 	C:\Users\hadin\.jdks\openjdk-20.0.2\bin\jdwp.dll
0x00007fffda200000 - 0x00007fffda20e000 	C:\Users\hadin\.jdks\openjdk-20.0.2\bin\instrument.dll
0x00007fffd3ad0000 - 0x00007fffd3af6000 	C:\Users\hadin\.jdks\openjdk-20.0.2\bin\java.dll
0x00007fffd2430000 - 0x00007fffd2448000 	C:\Users\hadin\.jdks\openjdk-20.0.2\bin\zip.dll
0x00007fff87110000 - 0x00007fff871e7000 	C:\Users\hadin\.jdks\openjdk-20.0.2\bin\jsvml.dll
0x00007fffec910000 - 0x00007fffed169000 	C:\WINDOWS\System32\SHELL32.dll
0x00007fffe84d0000 - 0x00007fffe8dc4000 	C:\WINDOWS\SYSTEM32\windows.storage.dll
0x00007fffe8390000 - 0x00007fffe84ce000 	C:\WINDOWS\SYSTEM32\wintypes.dll
0x00007fffebe50000 - 0x00007fffebf43000 	C:\WINDOWS\System32\SHCORE.dll
0x00007fffeb200000 - 0x00007fffeb25e000 	C:\WINDOWS\System32\shlwapi.dll
0x00007fffea530000 - 0x00007fffea556000 	C:\WINDOWS\SYSTEM32\profapi.dll
0x00007fffd3440000 - 0x00007fffd344c000 	C:\Users\hadin\.jdks\openjdk-20.0.2\bin\dt_socket.dll
0x00007fffe9030000 - 0x00007fffe905d000 	C:\WINDOWS\SYSTEM32\IPHLPAPI.DLL
0x00007fffe9b30000 - 0x00007fffe9b99000 	C:\WINDOWS\system32\mswsock.dll
0x00007fffd36f0000 - 0x00007fffd3703000 	C:\Users\hadin\.jdks\openjdk-20.0.2\bin\net.dll
0x00007fffe3510000 - 0x00007fffe3647000 	C:\WINDOWS\SYSTEM32\WINHTTP.dll
0x00007fffd2450000 - 0x00007fffd2466000 	C:\Users\hadin\.jdks\openjdk-20.0.2\bin\nio.dll
0x00007fff86fd0000 - 0x00007fff87045000 	C:\Users\hadin\AppData\Local\Temp\lwjglhadin\3.3.1-build-7\lwjgl.dll
0x00007fff886e0000 - 0x00007fff88741000 	C:\Users\hadin\AppData\Local\Temp\lwjglhadin\3.3.1-build-7\glfw.dll

dbghelp: loaded successfully - version: 4.0.5 - missing functions: none
symbol engine: initialized successfully - sym options: 0x614 - pdb path: .;C:\Users\hadin\.jdks\openjdk-20.0.2\bin;C:\WINDOWS\SYSTEM32;C:\WINDOWS\WinSxS\amd64_microsoft.windows.common-controls_6595b64144ccf1df_6.0.22621.2506_none_270c5ae97388e100;C:\Users\hadin\.jdks\openjdk-20.0.2\bin\server;C:\Users\hadin\AppData\Local\Temp\lwjglhadin\3.3.1-build-7

VM Arguments:
jvm_args: -agentlib:jdwp=transport=dt_socket,address=127.0.0.1:62514,suspend=y,server=n -javaagent:C:\Users\hadin\AppData\Local\JetBrains\IdeaIC2023.2\captureAgent\debugger-agent.jar -Dfile.encoding=UTF-8 -Dsun.stdout.encoding=UTF-8 -Dsun.stderr.encoding=UTF-8 
java_command: TKNFanta
java_class_path (initial): C:\Users\hadin\Downloads\TKN Fanta Running\target\classes;C:\Users\hadin\.m2\repository\org\lwjgl\lwjgl\3.3.1\lwjgl-3.3.1.jar;C:\Users\hadin\.m2\repository\org\lwjgl\lwjgl-assimp\3.3.1\lwjgl-assimp-3.3.1.jar;C:\Users\hadin\.m2\repository\org\lwjgl\lwjgl-glfw\3.3.1\lwjgl-glfw-3.3.1.jar;C:\Users\hadin\.m2\repository\org\lwjgl\lwjgl-openal\3.3.1\lwjgl-openal-3.3.1.jar;C:\Users\hadin\.m2\repository\org\lwjgl\lwjgl-opengl\3.3.1\lwjgl-opengl-3.3.1.jar;C:\Users\hadin\.m2\repository\org\lwjgl\lwjgl-stb\3.3.1\lwjgl-stb-3.3.1.jar;C:\Users\hadin\.m2\repository\org\lwjgl\lwjgl\3.3.1\lwjgl-3.3.1-natives-windows.jar;C:\Users\hadin\.m2\repository\org\lwjgl\lwjgl-assimp\3.3.1\lwjgl-assimp-3.3.1-natives-windows.jar;C:\Users\hadin\.m2\repository\org\lwjgl\lwjgl-glfw\3.3.1\lwjgl-glfw-3.3.1-natives-windows.jar;C:\Users\hadin\.m2\repository\org\lwjgl\lwjgl-openal\3.3.1\lwjgl-openal-3.3.1-natives-windows.jar;C:\Users\hadin\.m2\repository\org\lwjgl\lwjgl-opengl\3.3.1\lwjgl-opengl-3.3.1-natives-windows.jar;C:\Users\hadin\.m2\repository\org\lwjgl\lwjgl-stb\3.3.1\lwjgl-stb-3.3.1-natives-windows.jar;C:\Users\hadin\.m2\repository\io\github\eleanor-em\bagel\1.9.3\bagel-1.9.3.jar;C:\Program Files\JetBrains\IntelliJ IDEA Community Edition 2023.2\lib\idea_rt.jar
Launcher Type: SUN_STANDARD

[Global flags]
     intx CICompilerCount                          = 12                                        {product} {ergonomic}
     uint ConcGCThreads                            = 3                                         {product} {ergonomic}
     uint G1ConcRefinementThreads                  = 13                                        {product} {ergonomic}
   size_t G1HeapRegionSize                         = 2097152                                   {product} {ergonomic}
    uintx GCDrainStackTargetSize                   = 64                                        {product} {ergonomic}
   size_t InitialHeapSize                          = 264241152                                 {product} {ergonomic}
   size_t MarkStackSize                            = 4194304                                   {product} {ergonomic}
   size_t MaxHeapSize                              = 4217372672                                {product} {ergonomic}
   size_t MaxNewSize                               = 2529165312                                {product} {ergonomic}
   size_t MinHeapDeltaBytes                        = 2097152                                   {product} {ergonomic}
   size_t MinHeapSize                              = 8388608                                   {product} {ergonomic}
    uintx NonNMethodCodeHeapSize                   = 7602480                                {pd product} {ergonomic}
    uintx NonProfiledCodeHeapSize                  = 122027880                              {pd product} {ergonomic}
    uintx ProfiledCodeHeapSize                     = 122027880                              {pd product} {ergonomic}
    uintx ReservedCodeCacheSize                    = 251658240                              {pd product} {ergonomic}
     bool SegmentedCodeCache                       = true                                      {product} {ergonomic}
   size_t SoftMaxHeapSize                          = 4217372672                             {manageable} {ergonomic}
     bool UseCompressedClassPointers               = true                           {product lp64_product} {ergonomic}
     bool UseCompressedOops                        = true                           {product lp64_product} {ergonomic}
     bool UseG1GC                                  = true                                      {product} {ergonomic}
     bool UseLargePagesIndividualAllocation        = false                                  {pd product} {ergonomic}

Logging:
Log output configuration:
 #0: stdout all=warning uptime,level,tags foldmultilines=false
 #1: stderr all=off uptime,level,tags foldmultilines=false

Environment Variables:
PATH=C:\Program Files\Common Files\Oracle\Java\javapath;C:\Windows\system32;C:\Windows;C:\Windows\System32\Wbem;C:\Windows\System32\WindowsPowerShell\v1.0\;C:\Windows\System32\OpenSSH\;C:\Program Files (x86)\NVIDIA Corporation\PhysX\Common;C:\Program Files\NVIDIA Corporation\NVIDIA NvDLISR;C:\MinGW\bin;C:\Program Files\MATLAB\R2022b\bin;C:\WINDOWS\system32;C:\WINDOWS;C:\WINDOWS\System32\Wbem;C:\WINDOWS\System32\WindowsPowerShell\v1.0\;C:\WINDOWS\System32\OpenSSH\;C:\Program Files\Git\cmd;C:\Users\hadin\AppData\Local\Microsoft\WindowsApps;C:\Users\hadin\AppData\Local\Programs\Microsoft VS Code\bin
USERNAME=hadin
OS=Windows_NT
PROCESSOR_IDENTIFIER=Intel64 Family 6 Model 141 Stepping 1, GenuineIntel
TMP=C:\Users\hadin\AppData\Local\Temp
TEMP=C:\Users\hadin\AppData\Local\Temp




---------------  S Y S T E M  ---------------

OS:
 Windows 11 , 64 bit Build 22621 (10.0.22621.2506)
OS uptime: 4 days 2:57 hours
Hyper-V role detected

CPU: total 16 (initial active 16) (8 cores per cpu, 2 threads per core) family 6 model 141 stepping 1 microcode 0x26, cx8, cmov, fxsr, ht, mmx, 3dnowpref, sse, sse2, sse3, ssse3, sse4.1, sse4.2, popcnt, lzcnt, tsc, tscinvbit, avx, avx2, aes, erms, clmul, bmi1, bmi2, adx, avx512f, avx512dq, avx512cd, avx512bw, avx512vl, sha, fma, vzeroupper, avx512_vpopcntdq, avx512_vpclmulqdq, avx512_vaes, avx512_vnni, clflush, clflushopt, clwb, avx512_vbmi2, avx512_vbmi, hv, rdtscp, rdpid, fsrm, gfni, avx512_bitalg, f16c, cet_ibt, cet_ss, avx512_ifma

Memory: 4k page, system-wide physical 16085M (7203M free)
TotalPageFile size 25301M (AvailPageFile size 13214M)
current process WorkingSet (physical memory assigned to process): 49M, peak: 49M
current process commit charge ("private bytes"): 351M, peak: 351M

vm_info: OpenJDK 64-Bit Server VM (20.0.2+9-78) for windows-amd64 JRE (20.0.2+9-78), built on 2023-06-14T10:08:48Z by "mach5one" with MS VC++ 17.1 (VS2022)

END.
